mode: set
tanzu.support.vmware.com/routeconfiger/controllers/routeconfig_controller.go:45.62,46.21 1 0
tanzu.support.vmware.com/routeconfiger/controllers/routeconfig_controller.go:51.2,51.64 1 0
tanzu.support.vmware.com/routeconfiger/controllers/routeconfig_controller.go:46.21,49.3 2 0
tanzu.support.vmware.com/routeconfiger/controllers/routeconfig_controller.go:75.103,84.31 5 0
tanzu.support.vmware.com/routeconfiger/controllers/routeconfig_controller.go:108.2,111.44 4 0
tanzu.support.vmware.com/routeconfiger/controllers/routeconfig_controller.go:115.2,116.34 2 0
tanzu.support.vmware.com/routeconfiger/controllers/routeconfig_controller.go:140.2,141.32 2 0
tanzu.support.vmware.com/routeconfiger/controllers/routeconfig_controller.go:145.2,145.27 1 0
tanzu.support.vmware.com/routeconfiger/controllers/routeconfig_controller.go:84.31,86.32 2 0
tanzu.support.vmware.com/routeconfiger/controllers/routeconfig_controller.go:90.3,90.17 1 0
tanzu.support.vmware.com/routeconfiger/controllers/routeconfig_controller.go:95.3,96.17 2 0
tanzu.support.vmware.com/routeconfiger/controllers/routeconfig_controller.go:99.3,99.28 1 0
tanzu.support.vmware.com/routeconfiger/controllers/routeconfig_controller.go:86.32,89.4 2 0
tanzu.support.vmware.com/routeconfiger/controllers/routeconfig_controller.go:90.17,93.4 2 0
tanzu.support.vmware.com/routeconfiger/controllers/routeconfig_controller.go:96.17,98.4 1 0
tanzu.support.vmware.com/routeconfiger/controllers/routeconfig_controller.go:101.8,101.23 1 0
tanzu.support.vmware.com/routeconfiger/controllers/routeconfig_controller.go:101.23,104.3 2 0
tanzu.support.vmware.com/routeconfiger/controllers/routeconfig_controller.go:111.44,113.3 1 0
tanzu.support.vmware.com/routeconfiger/controllers/routeconfig_controller.go:116.34,119.46 2 0
tanzu.support.vmware.com/routeconfiger/controllers/routeconfig_controller.go:119.46,127.18 3 0
tanzu.support.vmware.com/routeconfiger/controllers/routeconfig_controller.go:132.4,132.32 1 0
tanzu.support.vmware.com/routeconfiger/controllers/routeconfig_controller.go:127.18,128.42 1 0
tanzu.support.vmware.com/routeconfiger/controllers/routeconfig_controller.go:128.42,130.6 1 0
tanzu.support.vmware.com/routeconfiger/controllers/routeconfig_controller.go:132.32,134.5 1 0
tanzu.support.vmware.com/routeconfiger/controllers/routeconfig_controller.go:134.10,136.5 1 0
tanzu.support.vmware.com/routeconfiger/controllers/routeconfig_controller.go:141.32,143.3 1 0
tanzu.support.vmware.com/routeconfiger/controllers/routeconfig_controller.go:149.74,163.16 2 0
tanzu.support.vmware.com/routeconfiger/controllers/routeconfig_controller.go:166.2,169.16 2 0
tanzu.support.vmware.com/routeconfiger/controllers/routeconfig_controller.go:173.2,176.14 1 0
tanzu.support.vmware.com/routeconfiger/controllers/routeconfig_controller.go:163.16,165.3 1 0
tanzu.support.vmware.com/routeconfiger/controllers/routeconfig_controller.go:169.16,171.3 1 0
tanzu.support.vmware.com/routeconfiger/controllers/routeconfig_controller.go:181.115,183.38 2 0
tanzu.support.vmware.com/routeconfiger/controllers/routeconfig_controller.go:191.2,191.14 1 0
tanzu.support.vmware.com/routeconfiger/controllers/routeconfig_controller.go:197.2,197.12 1 0
tanzu.support.vmware.com/routeconfiger/controllers/routeconfig_controller.go:183.38,184.27 1 0
tanzu.support.vmware.com/routeconfiger/controllers/routeconfig_controller.go:184.27,188.4 3 0
tanzu.support.vmware.com/routeconfiger/controllers/routeconfig_controller.go:191.14,193.17 2 0
tanzu.support.vmware.com/routeconfiger/controllers/routeconfig_controller.go:193.17,195.4 1 0
